<?xml version="1.0" encoding="UTF-8"?>
<!-- Generated by org.testng.reporters.JUnitXMLReporter -->
<testsuite ignored="2" hostname="DESKTOP-MG7K6R3" failures="0" tests="1" name="Default test" time="6.662" errors="0" timestamp="2026-03-06T12:00:31 IST">
  <testcase classname="tests.SauceTest" name="addProductToCart" time="0.923"/>
  <testcase classname="tests.SauceTest" name="completeCheckout" time="0.0">
    <ignored/>
  </testcase> <!-- completeCheckout -->
  <testcase classname="tests.SauceTest" name="validLogin" time="0.0">
    <ignored/>
  </testcase> <!-- validLogin -->
</testsuite> <!-- Default test -->
