<?xml version="1.0" encoding="UTF-8"?>
<testng-results ignored="2" total="3" passed="1" failed="0" skipped="0">
  <reporter-output>
  </reporter-output>
  <suite started-at="2026-03-06T12:00:24 IST" name="Default suite" finished-at="2026-03-06T12:00:31 IST" duration-ms="6662">
    <groups>
    </groups>
    <test started-at="2026-03-06T12:00:24 IST" name="Default test" finished-at="2026-03-06T12:00:31 IST" duration-ms="6662">
      <class name="tests.SauceTest">
        <test-method is-config="true" signature="setup()[pri:0, instance:tests.SauceTest@43bc63a3]" started-at="2026-03-06T12:00:25 IST" name="setup" finished-at="2026-03-06T12:00:30 IST" duration-ms="5214" status="PASS">
          <reporter-output>
          </reporter-output>
        </test-method> <!-- setup -->
        <test-method signature="addProductToCart()[pri:2, instance:tests.SauceTest@43bc63a3]" started-at="2026-03-06T12:00:30 IST" name="addProductToCart" finished-at="2026-03-06T12:00:31 IST" duration-ms="923" status="PASS">
          <reporter-output>
          </reporter-output>
        </test-method> <!-- addProductToCart -->
        <test-method is-config="true" signature="teardown(org.testng.ITestResult)[pri:0, instance:tests.SauceTest@43bc63a3]" started-at="2026-03-06T12:00:31 IST" name="teardown" finished-at="2026-03-06T12:00:31 IST" duration-ms="415" status="PASS">
          <params>
            <param index="0">
              <value>
                <![CDATA[[TestResult name=addProductToCart status=SUCCESS method=SauceTest.addProductToCart()[pri:2, instance:tests.SauceTest@43bc63a3] output={null}]]]>
              </value>
            </param>
          </params>
          <reporter-output>
          </reporter-output>
        </test-method> <!-- teardown -->
      </class> <!-- tests.SauceTest -->
    </test> <!-- Default test -->
  </suite> <!-- Default suite -->
</testng-results>
